[00:45:17.713] [INFO   ] thread main starting.
[00:45:17.731] [SEVERE ] cannot read configuration file config.properties trying from resources.
[00:45:17.737] [SEVERE ] configuration file was loaded from resources directory.
[00:45:18.742] [INFO   ] thread dealer starting.
[00:45:18.744] [INFO   ] thread dealer starting.
[00:45:18.746] [INFO   ] thread Player-3 starting.
[00:45:18.751] [INFO   ] thread Player-2 starting.
[00:45:18.752] [INFO   ] thread Player-0 starting.
[00:45:18.753] [INFO   ] thread Player-1 starting.
[00:45:18.756] [INFO   ] thread computer-3 starting.
[00:45:18.760] [INFO   ] thread computer-2 starting.
[00:45:18.762] [INFO   ] thread computer-1 starting.
[00:45:18.761] [INFO   ] thread computer-0 starting.
[00:45:18.855] [SEVERE ] placing card 5 in slot 0
[00:45:18.978] [SEVERE ] placing card 45 in slot 1
[00:45:19.088] [SEVERE ] placing card 71 in slot 2
[00:45:19.197] [SEVERE ] placing card 60 in slot 3
[00:45:19.306] [SEVERE ] placing card 2 in slot 4
[00:45:19.416] [SEVERE ] placing card 62 in slot 5
[00:45:19.526] [SEVERE ] placing card 1 in slot 6
[00:45:19.635] [SEVERE ] placing card 80 in slot 7
[00:45:19.746] [SEVERE ] placing card 58 in slot 8
[00:45:19.857] [SEVERE ] placing card 9 in slot 9
[00:45:19.967] [SEVERE ] placing card 8 in slot 10
[00:45:20.078] [SEVERE ] placing card 22 in slot 11
[00:45:20.090] [SEVERE ] updating countdown to 9223370327608055717
[00:45:20.091] [SEVERE ] player 4 placing token on slot 6
[00:45:20.091] [SEVERE ] player 3 placing token on slot 3
[00:45:20.091] [SEVERE ] player 2 placing token on slot 10
[00:45:20.091] [SEVERE ] player 1 placing token on slot 4
[00:45:20.092] [SEVERE ] player 2 placing token on slot 11
[00:45:20.091] [SEVERE ] updating countdown to 60999
[00:45:20.092] [SEVERE ] removing player 3 token from slot 3
[00:45:20.092] [SEVERE ] player 1 placing token on slot 7
[00:45:20.092] [SEVERE ] player 2 placing token on slot 7
[00:45:20.093] [SEVERE ] player 1 placing token on slot 5
[00:45:20.093] [SEVERE ] updating countdown to 60997
[00:45:20.092] [SEVERE ] player 3 placing token on slot 2
[00:45:20.092] [SEVERE ] player 4 placing token on slot 8
[00:45:20.094] [SEVERE ] player 3 placing token on slot 0
[00:45:20.094] [SEVERE ] setting player 2 freeze to 3000
[00:45:20.094] [SEVERE ] updating countdown to 60997
[00:45:20.095] [SEVERE ] player 3 placing token on slot 5
[00:45:20.094] [SEVERE ] player 4 placing token on slot 5
[00:45:20.095] [SEVERE ] updating countdown to 60995
[00:45:20.096] [SEVERE ] updating countdown to 60994
[00:45:20.096] [SEVERE ] setting player 1 freeze to 3000
[00:45:20.096] [SEVERE ] updating countdown to 60994
[00:45:20.096] [SEVERE ] updating countdown to 60994
[00:45:20.096] [SEVERE ] setting player 3 freeze to 3000
[00:45:20.096] [SEVERE ] updating countdown to 60994
[00:45:20.097] [SEVERE ] updating countdown to 60993
[00:45:20.097] [SEVERE ] setting player 4 freeze to 3000
[00:45:21.098] [SEVERE ] updating countdown to 59992
[00:45:21.098] [SEVERE ] updating countdown to 59992
[00:45:21.101] [SEVERE ] setting player 3 freeze to 2000
[00:45:21.101] [SEVERE ] setting player 2 freeze to 2000
[00:45:21.101] [SEVERE ] setting player 4 freeze to 2000
[00:45:21.101] [SEVERE ] setting player 1 freeze to 2000
[00:45:22.102] [SEVERE ] setting player 2 freeze to 1000
[00:45:22.103] [SEVERE ] setting player 3 freeze to 1000
[00:45:22.111] [SEVERE ] setting player 1 freeze to 1000
[00:45:22.111] [SEVERE ] setting player 4 freeze to 1000
[00:45:22.111] [SEVERE ] updating countdown to 58979
[00:45:22.112] [SEVERE ] updating countdown to 58978
[00:45:23.103] [SEVERE ] setting player 2 freeze to 0
[00:45:23.103] [SEVERE ] updating countdown to 57987
[00:45:23.103] [SEVERE ] updating countdown to 57987
[00:45:23.103] [SEVERE ] setting player 2 freeze to 3000
[00:45:23.114] [SEVERE ] setting player 4 freeze to 0
[00:45:23.114] [SEVERE ] setting player 3 freeze to 0
[00:45:23.114] [SEVERE ] setting player 1 freeze to 0
[00:45:23.114] [SEVERE ] removing player 4 token from slot 8
[00:45:23.114] [SEVERE ] updating countdown to 57976
[00:45:23.114] [SEVERE ] player 4 placing token on slot 0
[00:45:23.114] [SEVERE ] setting player 3 freeze to 3000
[00:45:23.114] [SEVERE ] updating countdown to 57976
[00:45:23.115] [SEVERE ] updating countdown to 57975
[00:45:23.115] [SEVERE ] updating countdown to 57975
[00:45:23.115] [SEVERE ] setting player 1 freeze to 3000
[00:45:23.115] [SEVERE ] updating countdown to 57975
[00:45:23.115] [SEVERE ] updating countdown to 57975
[00:45:23.115] [SEVERE ] setting player 4 freeze to 3000
[00:45:24.117] [SEVERE ] setting player 4 freeze to 2000
[00:45:24.117] [SEVERE ] setting player 1 freeze to 2000
[00:45:24.117] [SEVERE ] setting player 2 freeze to 2000
[00:45:24.117] [SEVERE ] setting player 3 freeze to 2000
[00:45:24.117] [SEVERE ] updating countdown to 56973
[00:45:24.118] [SEVERE ] updating countdown to 56972
[00:45:25.119] [SEVERE ] setting player 2 freeze to 1000
[00:45:25.119] [SEVERE ] setting player 4 freeze to 1000
[00:45:25.119] [SEVERE ] setting player 3 freeze to 1000
[00:45:25.119] [SEVERE ] setting player 1 freeze to 1000
[00:45:25.134] [SEVERE ] updating countdown to 55956
[00:45:25.134] [SEVERE ] updating countdown to 55956
[00:45:26.120] [SEVERE ] setting player 4 freeze to 0
[00:45:26.120] [SEVERE ] setting player 2 freeze to 0
[00:45:26.120] [SEVERE ] removing player 2 token from slot 7
[00:45:26.120] [SEVERE ] updating countdown to 54970
[00:45:26.120] [SEVERE ] player 2 placing token on slot 2
[00:45:26.120] [SEVERE ] setting player 4 freeze to 3000
[00:45:26.120] [SEVERE ] updating countdown to 54970
[00:45:26.120] [SEVERE ] updating countdown to 54970
[00:45:26.121] [SEVERE ] updating countdown to 54969
[00:45:26.121] [SEVERE ] setting player 2 freeze to 3000
[00:45:26.132] [SEVERE ] setting player 3 freeze to 0
[00:45:26.132] [SEVERE ] setting player 1 freeze to 0
[00:45:26.132] [SEVERE ] updating countdown to 54958
[00:45:26.132] [SEVERE ] updating countdown to 54958
[00:45:26.132] [SEVERE ] setting player 3 freeze to 3000
[00:45:26.132] [SEVERE ] updating countdown to 54958
[00:45:26.133] [SEVERE ] updating countdown to 54957
[00:45:26.133] [SEVERE ] setting player 1 freeze to 3000
[00:45:27.133] [SEVERE ] setting player 4 freeze to 2000
[00:45:27.133] [SEVERE ] setting player 2 freeze to 2000
[00:45:27.148] [SEVERE ] updating countdown to 53942
[00:45:27.148] [SEVERE ] setting player 3 freeze to 2000
[00:45:27.148] [SEVERE ] setting player 1 freeze to 2000
[00:45:27.148] [SEVERE ] updating countdown to 53942
[00:45:28.136] [SEVERE ] setting player 4 freeze to 1000
[00:45:28.136] [SEVERE ] setting player 2 freeze to 1000
[00:45:28.148] [SEVERE ] updating countdown to 52942
[00:45:28.148] [SEVERE ] updating countdown to 52942
[00:45:28.150] [SEVERE ] setting player 1 freeze to 1000
[00:45:28.150] [SEVERE ] setting player 3 freeze to 1000
[00:45:29.149] [SEVERE ] updating countdown to 51941
[00:45:29.149] [SEVERE ] updating countdown to 51941
[00:45:29.151] [SEVERE ] setting player 1 freeze to 0
[00:45:29.151] [SEVERE ] setting player 4 freeze to 0
[00:45:29.151] [SEVERE ] setting player 3 freeze to 0
[00:45:29.151] [SEVERE ] setting player 2 freeze to 0
[00:45:29.151] [SEVERE ] updating countdown to 51939
[00:45:29.151] [SEVERE ] removing player 4 token from slot 0
[00:45:29.152] [SEVERE ] setting player 1 freeze to 3000
[00:45:29.153] [SEVERE ] player 4 placing token on slot 2
[00:45:29.152] [SEVERE ] updating countdown to 51938
[00:45:29.153] [SEVERE ] updating countdown to 51937
[00:45:29.153] [SEVERE ] updating countdown to 51937
[00:45:29.153] [SEVERE ] setting player 2 freeze to 3000
[00:45:29.154] [SEVERE ] updating countdown to 51936
[00:45:29.154] [SEVERE ] updating countdown to 51936
[00:45:29.154] [SEVERE ] setting player 3 freeze to 3000
[00:45:29.154] [SEVERE ] updating countdown to 51936
[00:45:29.154] [SEVERE ] updating countdown to 51936
[00:45:29.154] [SEVERE ] setting player 4 freeze to 3000
[00:45:30.154] [SEVERE ] setting player 1 freeze to 2000
[00:45:30.167] [SEVERE ] updating countdown to 50923
[00:45:30.167] [SEVERE ] setting player 4 freeze to 2000
[00:45:30.167] [SEVERE ] setting player 3 freeze to 2000
[00:45:30.167] [SEVERE ] setting player 2 freeze to 2000
[00:45:30.167] [SEVERE ] updating countdown to 50923
[00:45:31.166] [SEVERE ] setting player 1 freeze to 1000
[00:45:31.169] [SEVERE ] setting player 4 freeze to 1000
[00:45:31.169] [SEVERE ] setting player 3 freeze to 1000
[00:45:31.182] [SEVERE ] setting player 2 freeze to 1000
[00:45:31.182] [SEVERE ] updating countdown to 49908
[00:45:31.182] [SEVERE ] updating countdown to 49908
[00:45:32.181] [SEVERE ] setting player 4 freeze to 0
[00:45:32.181] [SEVERE ] setting player 1 freeze to 0
[00:45:32.181] [SEVERE ] setting player 3 freeze to 0
[00:45:32.181] [SEVERE ] updating countdown to 48909
[00:45:32.181] [SEVERE ] removing player 1 token from slot 4
[00:45:32.181] [SEVERE ] updating countdown to 48909
[00:45:32.181] [SEVERE ] removing player 3 token from slot 2
[00:45:32.181] [SEVERE ] removing player 1 token from slot 7
[00:45:32.181] [SEVERE ] setting player 4 freeze to 3000
[00:45:32.181] [SEVERE ] player 3 placing token on slot 4
[00:45:32.181] [SEVERE ] removing player 1 token from slot 5
[00:45:32.182] [SEVERE ] updating countdown to 48908
[00:45:32.182] [SEVERE ] player 1 placing token on slot 1
[00:45:32.182] [SEVERE ] setting player 3 freeze to 3000
[00:45:32.182] [SEVERE ] updating countdown to 48908
[00:45:32.182] [SEVERE ] player 1 placing token on slot 10
[00:45:32.182] [SEVERE ] player 1 placing token on slot 4
[00:45:32.182] [SEVERE ] updating countdown to 48908
[00:45:32.182] [SEVERE ] updating countdown to 48908
[00:45:32.182] [SEVERE ] setting player 1 freeze to 3000
[00:45:32.196] [SEVERE ] setting player 2 freeze to 0
[00:45:32.196] [SEVERE ] updating countdown to 48894
[00:45:32.196] [SEVERE ] updating countdown to 48894
[00:45:32.196] [SEVERE ] setting player 2 freeze to 3000
[00:45:33.182] [SEVERE ] setting player 4 freeze to 2000
[00:45:33.184] [SEVERE ] setting player 3 freeze to 2000
[00:45:33.196] [SEVERE ] setting player 1 freeze to 2000
[00:45:33.211] [SEVERE ] updating countdown to 47879
[00:45:33.211] [SEVERE ] setting player 2 freeze to 2000
[00:45:33.211] [SEVERE ] updating countdown to 47879
[00:45:34.183] [SEVERE ] setting player 4 freeze to 1000
[00:45:34.194] [SEVERE ] setting player 3 freeze to 1000
[00:45:34.210] [SEVERE ] setting player 1 freeze to 1000
[00:45:34.226] [SEVERE ] setting player 2 freeze to 1000
[00:45:34.226] [SEVERE ] updating countdown to 46864
[00:45:34.226] [SEVERE ] updating countdown to 46864
[00:45:35.196] [SEVERE ] setting player 4 freeze to 0
[00:45:35.196] [SEVERE ] setting player 3 freeze to 0
[00:45:35.196] [SEVERE ] updating countdown to 45894
[00:45:35.197] [SEVERE ] updating countdown to 45894
[00:45:35.197] [SEVERE ] setting player 4 freeze to 3000
[00:45:35.197] [SEVERE ] updating countdown to 45893
[00:45:35.197] [SEVERE ] updating countdown to 45893
[00:45:35.197] [SEVERE ] setting player 3 freeze to 3000
[00:45:35.212] [SEVERE ] setting player 1 freeze to 0
[00:45:35.212] [SEVERE ] removing player 1 token from slot 1
[00:45:35.212] [SEVERE ] player 1 placing token on slot 5
[00:45:35.212] [SEVERE ] updating countdown to 45878
[00:45:35.213] [SEVERE ] updating countdown to 45877
[00:45:35.213] [SEVERE ] setting player 1 freeze to 3000
[00:45:35.228] [SEVERE ] setting player 2 freeze to 0
[00:45:35.228] [SEVERE ] removing player 2 token from slot 10
[00:45:35.229] [SEVERE ] player 2 placing token on slot 6
[00:45:35.229] [SEVERE ] updating countdown to 45861
[00:45:35.229] [SEVERE ] updating countdown to 45861
[00:45:35.229] [SEVERE ] setting player 2 freeze to 3000
[00:45:36.204] [SEVERE ] setting player 4 freeze to 2000
[00:45:36.204] [SEVERE ] setting player 3 freeze to 2000
[00:45:36.218] [SEVERE ] setting player 1 freeze to 2000
[00:45:36.234] [SEVERE ] updating countdown to 44856
[00:45:36.234] [SEVERE ] setting player 2 freeze to 2000
[00:45:36.234] [SEVERE ] updating countdown to 44856
[00:45:37.217] [SEVERE ] setting player 3 freeze to 1000
[00:45:37.217] [SEVERE ] setting player 4 freeze to 1000
[00:45:37.232] [SEVERE ] setting player 1 freeze to 1000
[00:45:37.247] [SEVERE ] setting player 2 freeze to 1000
[00:45:37.247] [SEVERE ] updating countdown to 43843
[00:45:37.247] [SEVERE ] updating countdown to 43843
[00:45:38.230] [SEVERE ] setting player 4 freeze to 0
[00:45:38.230] [SEVERE ] setting player 3 freeze to 0
[00:45:38.231] [SEVERE ] updating countdown to 42859
[00:45:38.231] [SEVERE ] updating countdown to 42859
[00:45:38.231] [SEVERE ] setting player 4 freeze to 3000
[00:45:38.232] [SEVERE ] removing player 3 token from slot 4
[00:45:38.232] [SEVERE ] player 3 placing token on slot 6
[00:45:38.232] [SEVERE ] updating countdown to 42858
[00:45:38.233] [SEVERE ] updating countdown to 42857
[00:45:38.233] [SEVERE ] setting player 3 freeze to 3000
[00:45:38.246] [SEVERE ] setting player 1 freeze to 0
[00:45:38.247] [SEVERE ] updating countdown to 42843
[00:45:38.249] [SEVERE ] updating countdown to 42841
[00:45:38.249] [SEVERE ] setting player 1 freeze to 3000
[00:45:38.262] [SEVERE ] setting player 2 freeze to 0
[00:45:38.262] [SEVERE ] updating countdown to 42828
[00:45:38.263] [SEVERE ] updating countdown to 42827
[00:45:38.263] [SEVERE ] setting player 2 freeze to 3000
[00:45:39.242] [SEVERE ] setting player 3 freeze to 2000
[00:45:39.242] [SEVERE ] setting player 4 freeze to 2000
[00:45:39.258] [SEVERE ] setting player 1 freeze to 2000
[00:45:39.273] [SEVERE ] updating countdown to 41817
[00:45:39.273] [SEVERE ] setting player 2 freeze to 2000
[00:45:39.273] [SEVERE ] updating countdown to 41817
[00:45:40.257] [SEVERE ] setting player 4 freeze to 1000
[00:45:40.257] [SEVERE ] setting player 3 freeze to 1000
[00:45:40.273] [SEVERE ] setting player 1 freeze to 1000
[00:45:40.288] [SEVERE ] updating countdown to 40802
[00:45:40.288] [SEVERE ] setting player 2 freeze to 1000
[00:45:40.288] [SEVERE ] updating countdown to 40802
[00:45:41.272] [SEVERE ] setting player 4 freeze to 0
[00:45:41.272] [SEVERE ] setting player 3 freeze to 0
[00:45:41.272] [SEVERE ] removing player 4 token from slot 5
[00:45:41.272] [SEVERE ] updating countdown to 39818
[00:45:41.272] [SEVERE ] player 4 placing token on slot 1
[00:45:41.272] [SEVERE ] setting player 3 freeze to 3000
[00:45:41.272] [SEVERE ] updating countdown to 39818
[00:45:41.272] [SEVERE ] updating countdown to 39818
[00:45:41.273] [SEVERE ] updating countdown to 39817
[00:45:41.273] [SEVERE ] setting player 4 freeze to 3000
[00:45:41.287] [SEVERE ] setting player 1 freeze to 0
[00:45:41.287] [SEVERE ] removing player 1 token from slot 10
[00:45:41.287] [SEVERE ] player 1 placing token on slot 11
[00:45:41.287] [SEVERE ] updating countdown to 39803
[00:45:41.288] [SEVERE ] updating countdown to 39802
[00:45:41.288] [SEVERE ] setting player 1 freeze to 3000
[00:45:41.302] [SEVERE ] setting player 2 freeze to 0
[00:45:41.302] [SEVERE ] updating countdown to 39788
[00:45:41.302] [SEVERE ] updating countdown to 39788
[00:45:41.302] [SEVERE ] setting player 2 freeze to 3000
[00:45:42.286] [SEVERE ] setting player 3 freeze to 2000
[00:45:42.286] [SEVERE ] setting player 4 freeze to 2000
[00:45:42.301] [SEVERE ] setting player 1 freeze to 2000
[00:45:42.316] [SEVERE ] setting player 2 freeze to 2000
[00:45:42.316] [SEVERE ] updating countdown to 38774
[00:45:42.316] [SEVERE ] updating countdown to 38774
[00:45:43.299] [SEVERE ] setting player 4 freeze to 1000
[00:45:43.299] [SEVERE ] setting player 3 freeze to 1000
[00:45:43.315] [SEVERE ] setting player 1 freeze to 1000
[00:45:43.331] [SEVERE ] setting player 2 freeze to 1000
[00:45:43.331] [SEVERE ] updating countdown to 37759
[00:45:43.331] [SEVERE ] updating countdown to 37759
[00:45:44.300] [SEVERE ] setting player 4 freeze to 0
[00:45:44.300] [SEVERE ] setting player 3 freeze to 0
[00:45:44.300] [SEVERE ] updating countdown to 36790
[00:45:44.300] [SEVERE ] updating countdown to 36790
[00:45:44.300] [SEVERE ] setting player 4 freeze to 3000
[00:45:44.300] [SEVERE ] updating countdown to 36790
[00:45:44.300] [SEVERE ] updating countdown to 36790
[00:45:44.300] [SEVERE ] setting player 3 freeze to 3000
[00:45:44.316] [SEVERE ] setting player 1 freeze to 0
[00:45:44.316] [SEVERE ] removing player 1 token from slot 11
[00:45:44.316] [SEVERE ] removing player 1 token from slot 4
[00:45:44.317] [SEVERE ] player 1 placing token on slot 1
[00:45:44.317] [SEVERE ] player 1 placing token on slot 7
[00:45:44.317] [SEVERE ] updating countdown to 36773
[00:45:44.317] [SEVERE ] updating countdown to 36773
[00:45:44.317] [SEVERE ] setting player 1 freeze to 3000
[00:45:44.333] [SEVERE ] setting player 2 freeze to 0
[00:45:44.333] [SEVERE ] updating countdown to 36757
[00:45:44.333] [SEVERE ] updating countdown to 36757
[00:45:44.333] [SEVERE ] setting player 2 freeze to 3000
[00:45:45.301] [SEVERE ] setting player 4 freeze to 2000
[00:45:45.316] [SEVERE ] setting player 3 freeze to 2000
[00:45:45.331] [SEVERE ] setting player 1 freeze to 2000
[00:45:45.347] [SEVERE ] setting player 2 freeze to 2000
[00:45:45.347] [SEVERE ] updating countdown to 35743
[00:45:45.347] [SEVERE ] updating countdown to 35743
[00:45:46.303] [SEVERE ] setting player 4 freeze to 1000
[00:45:46.319] [SEVERE ] setting player 3 freeze to 1000
[00:45:46.335] [SEVERE ] setting player 1 freeze to 1000
[00:45:46.351] [SEVERE ] setting player 2 freeze to 1000
[00:45:46.351] [SEVERE ] updating countdown to 34739
[00:45:46.351] [SEVERE ] updating countdown to 34739
[00:45:47.309] [SEVERE ] setting player 4 freeze to 0
[00:45:47.309] [SEVERE ] updating countdown to 33781
[00:45:47.310] [SEVERE ] updating countdown to 33780
[00:45:47.310] [SEVERE ] setting player 4 freeze to 3000
[00:45:47.325] [SEVERE ] setting player 3 freeze to 0
[00:45:47.325] [SEVERE ] removing player 3 token from slot 0
[00:45:47.326] [SEVERE ] player 3 placing token on slot 11
[00:45:47.327] [SEVERE ] updating countdown to 33763
[00:45:47.327] [SEVERE ] updating countdown to 33763
[00:45:47.327] [SEVERE ] setting player 3 freeze to 3000
[00:45:47.341] [SEVERE ] setting player 1 freeze to 0
[00:45:47.341] [SEVERE ] updating countdown to 33749
[00:45:47.341] [SEVERE ] updating countdown to 33749
[00:45:47.341] [SEVERE ] setting player 1 freeze to 3000
[00:45:47.357] [SEVERE ] setting player 2 freeze to 0
[00:45:47.357] [SEVERE ] updating countdown to 33733
[00:45:47.357] [SEVERE ] updating countdown to 33733
[00:45:47.357] [SEVERE ] setting player 2 freeze to 3000
[00:45:48.312] [SEVERE ] setting player 4 freeze to 2000
[00:45:48.330] [SEVERE ] setting player 3 freeze to 2000
[00:45:48.343] [SEVERE ] setting player 1 freeze to 2000
[00:45:48.359] [SEVERE ] setting player 2 freeze to 2000
[00:45:48.359] [SEVERE ] updating countdown to 32731
[00:45:48.359] [SEVERE ] updating countdown to 32731
[00:45:49.326] [SEVERE ] setting player 4 freeze to 1000
[00:45:49.341] [SEVERE ] setting player 3 freeze to 1000
[00:45:49.357] [SEVERE ] setting player 1 freeze to 1000
[00:45:49.372] [SEVERE ] setting player 2 freeze to 1000
[00:45:49.372] [SEVERE ] updating countdown to 31718
[00:45:49.372] [SEVERE ] updating countdown to 31718
[00:45:50.338] [SEVERE ] setting player 4 freeze to 0
[00:45:50.338] [SEVERE ] updating countdown to 30752
[00:45:50.338] [SEVERE ] updating countdown to 30752
[00:45:50.338] [SEVERE ] setting player 4 freeze to 3000
[00:45:50.354] [SEVERE ] setting player 3 freeze to 0
[00:45:50.354] [SEVERE ] updating countdown to 30736
[00:45:50.354] [SEVERE ] updating countdown to 30736
[00:45:50.354] [SEVERE ] setting player 3 freeze to 3000
[00:45:50.370] [SEVERE ] setting player 1 freeze to 0
[00:45:50.370] [SEVERE ] removing player 1 token from slot 7
[00:45:50.370] [SEVERE ] removing player 1 token from slot 5
[00:45:50.370] [SEVERE ] player 1 placing token on slot 11
[00:45:50.370] [SEVERE ] removing player 1 token from slot 1
[00:45:50.371] [SEVERE ] player 1 placing token on slot 10
[00:45:50.371] [SEVERE ] player 1 placing token on slot 0
[00:45:50.371] [SEVERE ] updating countdown to 30719
[00:45:50.371] [SEVERE ] updating countdown to 30719
[00:45:50.371] [SEVERE ] setting player 1 freeze to 3000
[00:45:50.386] [SEVERE ] setting player 2 freeze to 0
[00:45:50.386] [SEVERE ] updating countdown to 30704
[00:45:50.386] [SEVERE ] updating countdown to 30704
[00:45:50.386] [SEVERE ] setting player 2 freeze to 3000
[00:45:51.341] [SEVERE ] setting player 4 freeze to 2000
[00:45:51.357] [SEVERE ] setting player 3 freeze to 2000
[00:45:51.372] [SEVERE ] setting player 1 freeze to 2000
[00:45:51.388] [SEVERE ] updating countdown to 29702
[00:45:51.388] [SEVERE ] setting player 2 freeze to 2000
[00:45:51.388] [SEVERE ] updating countdown to 29702
[00:45:52.347] [SEVERE ] setting player 4 freeze to 1000
[00:45:52.363] [SEVERE ] setting player 3 freeze to 1000
[00:45:52.379] [SEVERE ] setting player 1 freeze to 1000
[00:45:52.394] [SEVERE ] setting player 2 freeze to 1000
[00:45:52.394] [SEVERE ] updating countdown to 28696
[00:45:52.394] [SEVERE ] updating countdown to 28696
[00:45:53.356] [SEVERE ] setting player 4 freeze to 0
[00:45:53.356] [SEVERE ] updating countdown to 27734
[00:45:53.356] [SEVERE ] updating countdown to 27734
[00:45:53.356] [SEVERE ] setting player 4 freeze to 3000
[00:45:53.372] [SEVERE ] setting player 3 freeze to 0
[00:45:53.372] [SEVERE ] updating countdown to 27718
[00:45:53.372] [SEVERE ] updating countdown to 27718
[00:45:53.372] [SEVERE ] setting player 3 freeze to 3000
[00:45:53.387] [SEVERE ] setting player 1 freeze to 0
[00:45:53.387] [SEVERE ] removing player 1 token from slot 0
[00:45:53.387] [SEVERE ] player 1 placing token on slot 3
[00:45:53.387] [SEVERE ] updating countdown to 27703
[00:45:53.387] [SEVERE ] updating countdown to 27703
[00:45:53.387] [SEVERE ] setting player 1 freeze to 3000
[00:45:53.403] [SEVERE ] setting player 2 freeze to 0
[00:45:53.403] [SEVERE ] updating countdown to 27687
[00:45:53.403] [SEVERE ] setting player 2 freeze to 3000
[00:45:53.403] [SEVERE ] updating countdown to 27687
[00:45:54.368] [SEVERE ] setting player 4 freeze to 2000
[00:45:54.383] [SEVERE ] setting player 3 freeze to 2000
[00:45:54.399] [SEVERE ] setting player 1 freeze to 2000
[00:45:54.415] [SEVERE ] setting player 2 freeze to 2000
[00:45:54.415] [SEVERE ] updating countdown to 26675
[00:45:54.415] [SEVERE ] updating countdown to 26675
[00:45:55.383] [SEVERE ] setting player 4 freeze to 1000
[00:45:55.399] [SEVERE ] setting player 3 freeze to 1000
[00:45:55.414] [SEVERE ] setting player 1 freeze to 1000
[00:45:55.429] [SEVERE ] setting player 2 freeze to 1000
[00:45:55.429] [SEVERE ] updating countdown to 25661
[00:45:55.429] [SEVERE ] updating countdown to 25661
[00:45:56.395] [SEVERE ] setting player 4 freeze to 0
[00:45:56.395] [SEVERE ] updating countdown to 24695
[00:45:56.395] [SEVERE ] updating countdown to 24695
[00:45:56.395] [SEVERE ] setting player 4 freeze to 3000
[00:45:56.411] [SEVERE ] setting player 3 freeze to 0
[00:45:56.411] [SEVERE ] removing player 3 token from slot 6
[00:45:56.411] [SEVERE ] player 3 placing token on slot 4
[00:45:56.411] [SEVERE ] updating countdown to 24679
[00:45:56.411] [SEVERE ] updating countdown to 24679
[00:45:56.411] [SEVERE ] setting player 3 freeze to 3000
[00:45:56.427] [SEVERE ] setting player 1 freeze to 0
[00:45:56.427] [SEVERE ] updating countdown to 24663
[00:45:56.427] [SEVERE ] updating countdown to 24663
[00:45:56.427] [SEVERE ] setting player 1 freeze to 3000
[00:45:56.443] [SEVERE ] setting player 2 freeze to 0
[00:45:56.443] [SEVERE ] updating countdown to 24647
[00:45:56.443] [SEVERE ] updating countdown to 24647
[00:45:56.443] [SEVERE ] setting player 2 freeze to 3000
[00:45:57.405] [SEVERE ] setting player 4 freeze to 2000
[00:45:57.420] [SEVERE ] setting player 3 freeze to 2000
[00:45:57.436] [SEVERE ] setting player 1 freeze to 2000
[00:45:57.443] [SEVERE ] updating countdown to 23647
[00:45:57.443] [SEVERE ] updating countdown to 23647
[00:45:57.451] [SEVERE ] setting player 2 freeze to 2000
[00:45:58.420] [SEVERE ] setting player 4 freeze to 1000
[00:45:58.436] [SEVERE ] setting player 3 freeze to 1000
[00:45:58.452] [SEVERE ] setting player 1 freeze to 1000
[00:45:58.452] [SEVERE ] updating countdown to 22638
[00:45:58.452] [SEVERE ] setting player 2 freeze to 1000
[00:45:58.452] [SEVERE ] updating countdown to 22638
[00:45:59.435] [SEVERE ] setting player 4 freeze to 0
[00:45:59.435] [SEVERE ] updating countdown to 21655
[00:45:59.435] [SEVERE ] updating countdown to 21655
[00:45:59.435] [SEVERE ] setting player 4 freeze to 3000
[00:45:59.451] [SEVERE ] setting player 3 freeze to 0
[00:45:59.451] [SEVERE ] removing player 3 token from slot 4
[00:45:59.451] [SEVERE ] removing player 3 token from slot 11
[00:45:59.451] [SEVERE ] player 3 placing token on slot 10
[00:45:59.451] [SEVERE ] player 3 placing token on slot 1
[00:45:59.451] [SEVERE ] updating countdown to 21639
[00:45:59.451] [SEVERE ] updating countdown to 21639
[00:45:59.451] [SEVERE ] setting player 3 freeze to 3000
[00:45:59.453] [SEVERE ] setting player 1 freeze to 0
[00:45:59.453] [SEVERE ] updating countdown to 21637
[00:45:59.453] [SEVERE ] updating countdown to 21637
[00:45:59.453] [SEVERE ] setting player 1 freeze to 3000
[00:45:59.467] [SEVERE ] setting player 2 freeze to 0
[00:45:59.467] [SEVERE ] removing player 2 token from slot 6
[00:45:59.467] [SEVERE ] player 2 placing token on slot 6
[00:45:59.467] [SEVERE ] updating countdown to 21623
[00:45:59.467] [SEVERE ] updating countdown to 21623
[00:45:59.467] [SEVERE ] setting player 2 freeze to 3000
[00:46:00.447] [SEVERE ] setting player 4 freeze to 2000
[00:46:00.463] [SEVERE ] setting player 1 freeze to 2000
[00:46:00.463] [SEVERE ] setting player 3 freeze to 2000
[00:46:00.479] [SEVERE ] setting player 2 freeze to 2000
[00:46:00.479] [SEVERE ] updating countdown to 20611
[00:46:00.479] [SEVERE ] updating countdown to 20611
[00:46:01.449] [SEVERE ] setting player 4 freeze to 1000
[00:46:01.465] [SEVERE ] setting player 1 freeze to 1000
[00:46:01.465] [SEVERE ] setting player 3 freeze to 1000
[00:46:01.481] [SEVERE ] setting player 2 freeze to 1000
[00:46:01.481] [SEVERE ] updating countdown to 19609
[00:46:01.481] [SEVERE ] updating countdown to 19609
[00:46:02.450] [SEVERE ] setting player 4 freeze to 0
[00:46:02.450] [SEVERE ] updating countdown to 18640
[00:46:02.450] [SEVERE ] updating countdown to 18640
[00:46:02.450] [SEVERE ] setting player 4 freeze to 3000
[00:46:02.466] [SEVERE ] setting player 1 freeze to 0
[00:46:02.466] [SEVERE ] setting player 3 freeze to 0
[00:46:02.466] [SEVERE ] removing player 3 token from slot 10
[00:46:02.466] [SEVERE ] updating countdown to 18624
[00:46:02.466] [SEVERE ] player 3 placing token on slot 3
[00:46:02.466] [SEVERE ] updating countdown to 18624
[00:46:02.466] [SEVERE ] updating countdown to 18624
[00:46:02.466] [SEVERE ] setting player 1 freeze to 3000
[00:46:02.466] [SEVERE ] setting player 3 freeze to 3000
[00:46:02.466] [SEVERE ] updating countdown to 18624
[00:46:02.482] [SEVERE ] setting player 2 freeze to 0
[00:46:02.482] [SEVERE ] updating countdown to 18608
[00:46:02.482] [SEVERE ] updating countdown to 18608
[00:46:02.482] [SEVERE ] setting player 2 freeze to 3000
[00:46:03.452] [SEVERE ] setting player 4 freeze to 2000
[00:46:03.467] [SEVERE ] setting player 3 freeze to 2000
[00:46:03.467] [SEVERE ] setting player 1 freeze to 2000
[00:46:03.483] [SEVERE ] setting player 2 freeze to 2000
[00:46:03.483] [SEVERE ] updating countdown to 17607
[00:46:03.483] [SEVERE ] updating countdown to 17607
[00:46:04.467] [SEVERE ] setting player 4 freeze to 1000
[00:46:04.482] [SEVERE ] setting player 1 freeze to 1000
[00:46:04.482] [SEVERE ] setting player 3 freeze to 1000
[00:46:04.498] [SEVERE ] updating countdown to 16592
[00:46:04.498] [SEVERE ] setting player 2 freeze to 1000
[00:46:04.498] [SEVERE ] updating countdown to 16592
[00:46:05.481] [SEVERE ] setting player 4 freeze to 0
[00:46:05.481] [SEVERE ] updating countdown to 15609
[00:46:05.482] [SEVERE ] updating countdown to 15608
[00:46:05.482] [SEVERE ] setting player 4 freeze to 3000
[00:46:05.497] [SEVERE ] setting player 3 freeze to 0
[00:46:05.497] [SEVERE ] setting player 1 freeze to 0
[00:46:05.497] [SEVERE ] removing player 1 token from slot 3
[00:46:05.498] [SEVERE ] updating countdown to 15592
[00:46:05.498] [SEVERE ] player 1 placing token on slot 2
[00:46:05.498] [SEVERE ] updating countdown to 15592
[00:46:05.498] [SEVERE ] setting player 3 freeze to 3000
[00:46:05.498] [SEVERE ] updating countdown to 15592
[00:46:05.499] [SEVERE ] updating countdown to 15591
[00:46:05.499] [SEVERE ] setting player 1 freeze to 3000
[00:46:05.513] [SEVERE ] setting player 2 freeze to 0
[00:46:05.513] [SEVERE ] updating countdown to 15577
[00:46:05.513] [SEVERE ] setting player 2 freeze to 3000
[00:46:05.513] [SEVERE ] updating countdown to 15577
[00:46:06.495] [SEVERE ] setting player 4 freeze to 2000
[00:46:06.510] [SEVERE ] setting player 3 freeze to 2000
[00:46:06.510] [SEVERE ] setting player 1 freeze to 2000
[00:46:06.525] [SEVERE ] updating countdown to 14565
[00:46:06.525] [SEVERE ] setting player 2 freeze to 2000
[00:46:06.525] [SEVERE ] updating countdown to 14565
[00:46:07.496] [SEVERE ] setting player 4 freeze to 1000
[00:46:07.512] [SEVERE ] setting player 1 freeze to 1000
[00:46:07.512] [SEVERE ] setting player 3 freeze to 1000
[00:46:07.527] [SEVERE ] setting player 2 freeze to 1000
[00:46:07.527] [SEVERE ] updating countdown to 13563
[00:46:07.527] [SEVERE ] updating countdown to 13563
[00:46:08.505] [SEVERE ] setting player 4 freeze to 0
[00:46:08.505] [SEVERE ] updating countdown to 12585
[00:46:08.505] [SEVERE ] updating countdown to 12585
[00:46:08.505] [SEVERE ] setting player 4 freeze to 3000
[00:46:08.521] [SEVERE ] setting player 3 freeze to 0
[00:46:08.521] [SEVERE ] setting player 1 freeze to 0
[00:46:08.521] [SEVERE ] updating countdown to 12569
[00:46:08.521] [SEVERE ] updating countdown to 12569
[00:46:08.521] [SEVERE ] setting player 3 freeze to 3000
[00:46:08.521] [SEVERE ] updating countdown to 12569
[00:46:08.521] [SEVERE ] updating countdown to 12569
[00:46:08.521] [SEVERE ] setting player 1 freeze to 3000
[00:46:08.536] [SEVERE ] setting player 2 freeze to 0
[00:46:08.536] [SEVERE ] updating countdown to 12554
[00:46:08.536] [SEVERE ] updating countdown to 12554
[00:46:08.536] [SEVERE ] setting player 2 freeze to 3000
[00:46:09.507] [SEVERE ] setting player 4 freeze to 2000
[00:46:09.523] [SEVERE ] setting player 3 freeze to 2000
[00:46:09.523] [SEVERE ] setting player 1 freeze to 2000
[00:46:09.539] [SEVERE ] updating countdown to 11551
[00:46:09.539] [SEVERE ] setting player 2 freeze to 2000
[00:46:09.539] [SEVERE ] updating countdown to 11551
[00:46:10.522] [SEVERE ] setting player 4 freeze to 1000
[00:46:10.537] [SEVERE ] setting player 1 freeze to 1000
[00:46:10.537] [SEVERE ] setting player 3 freeze to 1000
[00:46:10.553] [SEVERE ] updating countdown to 10537
[00:46:10.553] [SEVERE ] setting player 2 freeze to 1000
[00:46:10.553] [SEVERE ] updating countdown to 10537
[00:46:11.535] [SEVERE ] setting player 4 freeze to 0
[00:46:11.535] [SEVERE ] updating countdown to 9555
[00:46:11.535] [SEVERE ] updating countdown to 9555
[00:46:11.535] [SEVERE ] setting player 4 freeze to 3000
[00:46:11.551] [SEVERE ] setting player 1 freeze to 0
[00:46:11.551] [SEVERE ] setting player 3 freeze to 0
[00:46:11.551] [SEVERE ] removing player 3 token from slot 3
[00:46:11.551] [SEVERE ] updating countdown to 9539
[00:46:11.551] [SEVERE ] player 3 placing token on slot 0
[00:46:11.551] [SEVERE ] updating countdown to 9539
[00:46:11.551] [SEVERE ] updating countdown to 9539
[00:46:11.551] [SEVERE ] setting player 1 freeze to 3000
[00:46:11.551] [SEVERE ] setting player 3 freeze to 3000
[00:46:11.551] [SEVERE ] updating countdown to 9539
[00:46:11.567] [SEVERE ] setting player 2 freeze to 0
[00:46:11.567] [SEVERE ] removing player 2 token from slot 6
[00:46:11.567] [SEVERE ] player 2 placing token on slot 7
[00:46:11.567] [SEVERE ] updating countdown to 9523
[00:46:11.567] [SEVERE ] updating countdown to 9523
[00:46:11.567] [SEVERE ] setting player 2 freeze to 3000
